{"op_code":0,"worker_id":"502cc83c-083e-4f54-b3a4-67884bce9011-139713196571520","study_name":"no-name-c7ceb9a4-7117-4f83-b985-acc923bece35","directions":[2]}
{"op_code":4,"worker_id":"502cc83c-083e-4f54-b3a4-67884bce9011-139713196571520","study_id":0,"datetime_start":"2025-03-20T10:14:23.953036"}
{"op_code":5,"worker_id":"502cc83c-083e-4f54-b3a4-67884bce9011-139713196571520","trial_id":0,"param_name":"d_model","param_value_internal":0,"distribution":"{\"name\": \"CategoricalDistribution\", \"attributes\": {\"choices\": [128, 256, 512]}}"}
{"op_code":6,"worker_id":"502cc83c-083e-4f54-b3a4-67884bce9011-139713196571520","trial_id":0,"state":3,"values":null,"datetime_complete":"2025-03-20T10:14:23.961964"}
{"op_code":0,"worker_id":"4f7e23b1-2e33-4eae-9846-f64597ba7f4f-140252093455232","study_name":"no-name-0391f474-3ff4-4bbc-9227-25839abb23ed","directions":[2]}
{"op_code":4,"worker_id":"4f7e23b1-2e33-4eae-9846-f64597ba7f4f-140252093455232","study_id":1,"datetime_start":"2025-03-20T10:17:10.358858"}
{"op_code":5,"worker_id":"4f7e23b1-2e33-4eae-9846-f64597ba7f4f-140252093455232","trial_id":1,"param_name":"d_model","param_value_internal":1,"distribution":"{\"name\": \"CategoricalDistribution\", \"attributes\": {\"choices\": [128, 256, 512]}}"}
{"op_code":5,"worker_id":"4f7e23b1-2e33-4eae-9846-f64597ba7f4f-140252093455232","trial_id":1,"param_name":"l_max","param_value_internal":0,"distribution":"{\"name\": \"CategoricalDistribution\", \"attributes\": {\"choices\": [4096]}}"}
{"op_code":5,"worker_id":"4f7e23b1-2e33-4eae-9846-f64597ba7f4f-140252093455232","trial_id":1,"param_name":"vocab_size","param_value_internal":0,"distribution":"{\"name\": \"CategoricalDistribution\", \"attributes\": {\"choices\": [512]}}"}
{"op_code":5,"worker_id":"4f7e23b1-2e33-4eae-9846-f64597ba7f4f-140252093455232","trial_id":1,"param_name":"blocks","param_value_internal":0,"distribution":"{\"name\": \"CategoricalDistribution\", \"attributes\": {\"choices\": [\"hha\", \"hhha\"]}}"}
{"op_code":5,"worker_id":"4f7e23b1-2e33-4eae-9846-f64597ba7f4f-140252093455232","trial_id":1,"param_name":"method","param_value_internal":0,"distribution":"{\"name\": \"CategoricalDistribution\", \"attributes\": {\"choices\": [\"Adam\", \"SGD\"]}}"}
{"op_code":5,"worker_id":"4f7e23b1-2e33-4eae-9846-f64597ba7f4f-140252093455232","trial_id":1,"param_name":"lr","param_value_internal":0.009107547099130513,"distribution":"{\"name\": \"FloatDistribution\", \"attributes\": {\"step\": null, \"low\": 0.0001, \"high\": 0.1, \"log\": true}}"}
{"op_code":5,"worker_id":"4f7e23b1-2e33-4eae-9846-f64597ba7f4f-140252093455232","trial_id":1,"param_name":"batch_size","param_value_internal":0,"distribution":"{\"name\": \"CategoricalDistribution\", \"attributes\": {\"choices\": [16, 32, 64, 128, 256, 512]}}"}
{"op_code":5,"worker_id":"4f7e23b1-2e33-4eae-9846-f64597ba7f4f-140252093455232","trial_id":1,"param_name":"loss_fn","param_value_internal":0,"distribution":"{\"name\": \"CategoricalDistribution\", \"attributes\": {\"choices\": [\"CrossEntropyLoss\"]}}"}
{"op_code":6,"worker_id":"4f7e23b1-2e33-4eae-9846-f64597ba7f4f-140252093455232","trial_id":1,"state":3,"values":null,"datetime_complete":"2025-03-20T10:17:37.404099"}
{"op_code":0,"worker_id":"fdd53939-bae3-49ad-8c03-44f8aef78fb5-139964590647104","study_name":"no-name-4c1bb97b-1f67-4e82-8495-aa7982918829","directions":[2]}
{"op_code":4,"worker_id":"fdd53939-bae3-49ad-8c03-44f8aef78fb5-139964590647104","study_id":2,"datetime_start":"2025-03-20T14:06:02.405534"}
{"op_code":5,"worker_id":"fdd53939-bae3-49ad-8c03-44f8aef78fb5-139964590647104","trial_id":2,"param_name":"d_model","param_value_internal":2,"distribution":"{\"name\": \"CategoricalDistribution\", \"attributes\": {\"choices\": [128, 256, 512, 1024]}}"}
{"op_code":5,"worker_id":"fdd53939-bae3-49ad-8c03-44f8aef78fb5-139964590647104","trial_id":2,"param_name":"l_max","param_value_internal":0,"distribution":"{\"name\": \"CategoricalDistribution\", \"attributes\": {\"choices\": [4096]}}"}
{"op_code":5,"worker_id":"fdd53939-bae3-49ad-8c03-44f8aef78fb5-139964590647104","trial_id":2,"param_name":"vocab_size","param_value_internal":0,"distribution":"{\"name\": \"CategoricalDistribution\", \"attributes\": {\"choices\": [256]}}"}
{"op_code":5,"worker_id":"fdd53939-bae3-49ad-8c03-44f8aef78fb5-139964590647104","trial_id":2,"param_name":"blocks","param_value_internal":1,"distribution":"{\"name\": \"CategoricalDistribution\", \"attributes\": {\"choices\": [\"hha\", \"hhha\"]}}"}
{"op_code":5,"worker_id":"fdd53939-bae3-49ad-8c03-44f8aef78fb5-139964590647104","trial_id":2,"param_name":"method","param_value_internal":0,"distribution":"{\"name\": \"CategoricalDistribution\", \"attributes\": {\"choices\": [\"Adam\", \"SGD\"]}}"}
{"op_code":5,"worker_id":"fdd53939-bae3-49ad-8c03-44f8aef78fb5-139964590647104","trial_id":2,"param_name":"lr","param_value_internal":0.0003993269923050035,"distribution":"{\"name\": \"FloatDistribution\", \"attributes\": {\"step\": null, \"low\": 0.0001, \"high\": 0.1, \"log\": true}}"}
{"op_code":5,"worker_id":"fdd53939-bae3-49ad-8c03-44f8aef78fb5-139964590647104","trial_id":2,"param_name":"batch_size","param_value_internal":0,"distribution":"{\"name\": \"CategoricalDistribution\", \"attributes\": {\"choices\": [16, 32, 64, 128, 256, 512]}}"}
{"op_code":5,"worker_id":"fdd53939-bae3-49ad-8c03-44f8aef78fb5-139964590647104","trial_id":2,"param_name":"loss_fn","param_value_internal":0,"distribution":"{\"name\": \"CategoricalDistribution\", \"attributes\": {\"choices\": [\"CrossEntropyLoss\"]}}"}
{"op_code":6,"worker_id":"fdd53939-bae3-49ad-8c03-44f8aef78fb5-139964590647104","trial_id":2,"state":3,"values":null,"datetime_complete":"2025-03-20T14:06:15.929020"}
{"op_code":0,"worker_id":"16b64fbc-c237-4a7a-a869-626211293a4d-140485170526016","study_name":"no-name-937b802f-93e2-4021-88b9-406dc89a626a","directions":[2]}
{"op_code":4,"worker_id":"16b64fbc-c237-4a7a-a869-626211293a4d-140485170526016","study_id":3,"datetime_start":"2025-03-20T14:17:46.935294"}
{"op_code":5,"worker_id":"16b64fbc-c237-4a7a-a869-626211293a4d-140485170526016","trial_id":3,"param_name":"d_model","param_value_internal":1,"distribution":"{\"name\": \"CategoricalDistribution\", \"attributes\": {\"choices\": [128, 256, 512, 1024]}}"}
{"op_code":5,"worker_id":"16b64fbc-c237-4a7a-a869-626211293a4d-140485170526016","trial_id":3,"param_name":"l_max","param_value_internal":0,"distribution":"{\"name\": \"CategoricalDistribution\", \"attributes\": {\"choices\": [4096]}}"}
{"op_code":5,"worker_id":"16b64fbc-c237-4a7a-a869-626211293a4d-140485170526016","trial_id":3,"param_name":"vocab_size","param_value_internal":0,"distribution":"{\"name\": \"CategoricalDistribution\", \"attributes\": {\"choices\": [256]}}"}
{"op_code":5,"worker_id":"16b64fbc-c237-4a7a-a869-626211293a4d-140485170526016","trial_id":3,"param_name":"blocks","param_value_internal":0,"distribution":"{\"name\": \"CategoricalDistribution\", \"attributes\": {\"choices\": [\"hha\", \"hhha\"]}}"}
{"op_code":5,"worker_id":"16b64fbc-c237-4a7a-a869-626211293a4d-140485170526016","trial_id":3,"param_name":"method","param_value_internal":0,"distribution":"{\"name\": \"CategoricalDistribution\", \"attributes\": {\"choices\": [\"Adam\", \"SGD\"]}}"}
{"op_code":5,"worker_id":"16b64fbc-c237-4a7a-a869-626211293a4d-140485170526016","trial_id":3,"param_name":"lr","param_value_internal":0.01974140741932451,"distribution":"{\"name\": \"FloatDistribution\", \"attributes\": {\"step\": null, \"low\": 0.0001, \"high\": 0.1, \"log\": true}}"}
{"op_code":5,"worker_id":"16b64fbc-c237-4a7a-a869-626211293a4d-140485170526016","trial_id":3,"param_name":"batch_size","param_value_internal":4,"distribution":"{\"name\": \"CategoricalDistribution\", \"attributes\": {\"choices\": [16, 32, 64, 128, 256, 512]}}"}
{"op_code":5,"worker_id":"16b64fbc-c237-4a7a-a869-626211293a4d-140485170526016","trial_id":3,"param_name":"loss_fn","param_value_internal":0,"distribution":"{\"name\": \"CategoricalDistribution\", \"attributes\": {\"choices\": [\"CrossEntropyLoss\"]}}"}
{"op_code":6,"worker_id":"16b64fbc-c237-4a7a-a869-626211293a4d-140485170526016","trial_id":3,"state":3,"values":null,"datetime_complete":"2025-03-20T14:17:54.546890"}
{"op_code":0,"worker_id":"c040984d-b085-455f-bedd-58e563682424-140366242293568","study_name":"no-name-819358d1-6372-4725-a2e1-d835effc9f80","directions":[2]}
{"op_code":4,"worker_id":"c040984d-b085-455f-bedd-58e563682424-140366242293568","study_id":4,"datetime_start":"2025-03-20T14:19:15.938531"}
{"op_code":5,"worker_id":"c040984d-b085-455f-bedd-58e563682424-140366242293568","trial_id":4,"param_name":"d_model","param_value_internal":1,"distribution":"{\"name\": \"CategoricalDistribution\", \"attributes\": {\"choices\": [128, 256, 512, 1024]}}"}
{"op_code":5,"worker_id":"c040984d-b085-455f-bedd-58e563682424-140366242293568","trial_id":4,"param_name":"l_max","param_value_internal":0,"distribution":"{\"name\": \"CategoricalDistribution\", \"attributes\": {\"choices\": [4096]}}"}
{"op_code":5,"worker_id":"c040984d-b085-455f-bedd-58e563682424-140366242293568","trial_id":4,"param_name":"vocab_size","param_value_internal":0,"distribution":"{\"name\": \"CategoricalDistribution\", \"attributes\": {\"choices\": [256]}}"}
{"op_code":5,"worker_id":"c040984d-b085-455f-bedd-58e563682424-140366242293568","trial_id":4,"param_name":"blocks","param_value_internal":1,"distribution":"{\"name\": \"CategoricalDistribution\", \"attributes\": {\"choices\": [\"hha\", \"hhha\"]}}"}
{"op_code":5,"worker_id":"c040984d-b085-455f-bedd-58e563682424-140366242293568","trial_id":4,"param_name":"method","param_value_internal":1,"distribution":"{\"name\": \"CategoricalDistribution\", \"attributes\": {\"choices\": [\"Adam\", \"SGD\"]}}"}
{"op_code":5,"worker_id":"c040984d-b085-455f-bedd-58e563682424-140366242293568","trial_id":4,"param_name":"lr","param_value_internal":0.0003782985618605297,"distribution":"{\"name\": \"FloatDistribution\", \"attributes\": {\"step\": null, \"low\": 0.0001, \"high\": 0.1, \"log\": true}}"}
{"op_code":5,"worker_id":"c040984d-b085-455f-bedd-58e563682424-140366242293568","trial_id":4,"param_name":"batch_size","param_value_internal":2,"distribution":"{\"name\": \"CategoricalDistribution\", \"attributes\": {\"choices\": [16, 32, 64, 128, 256, 512]}}"}
{"op_code":5,"worker_id":"c040984d-b085-455f-bedd-58e563682424-140366242293568","trial_id":4,"param_name":"loss_fn","param_value_internal":0,"distribution":"{\"name\": \"CategoricalDistribution\", \"attributes\": {\"choices\": [\"CrossEntropyLoss\"]}}"}
{"op_code":6,"worker_id":"c040984d-b085-455f-bedd-58e563682424-140366242293568","trial_id":4,"state":3,"values":null,"datetime_complete":"2025-03-20T14:19:16.699062"}
{"op_code":0,"worker_id":"c8ebd0ee-950a-4f6e-99a7-f85acdaf70d3-140107923806016","study_name":"no-name-21ac850b-2ce1-49af-9b07-fa48ab19c16f","directions":[2]}
{"op_code":4,"worker_id":"c8ebd0ee-950a-4f6e-99a7-f85acdaf70d3-140107923806016","study_id":5,"datetime_start":"2025-03-20T14:53:14.558588"}
{"op_code":5,"worker_id":"c8ebd0ee-950a-4f6e-99a7-f85acdaf70d3-140107923806016","trial_id":5,"param_name":"d_model","param_value_internal":1,"distribution":"{\"name\": \"CategoricalDistribution\", \"attributes\": {\"choices\": [128, 256, 512, 1024]}}"}
{"op_code":5,"worker_id":"c8ebd0ee-950a-4f6e-99a7-f85acdaf70d3-140107923806016","trial_id":5,"param_name":"l_max","param_value_internal":0,"distribution":"{\"name\": \"CategoricalDistribution\", \"attributes\": {\"choices\": [4096]}}"}
{"op_code":5,"worker_id":"c8ebd0ee-950a-4f6e-99a7-f85acdaf70d3-140107923806016","trial_id":5,"param_name":"vocab_size","param_value_internal":0,"distribution":"{\"name\": \"CategoricalDistribution\", \"attributes\": {\"choices\": [256]}}"}
{"op_code":5,"worker_id":"c8ebd0ee-950a-4f6e-99a7-f85acdaf70d3-140107923806016","trial_id":5,"param_name":"blocks","param_value_internal":0,"distribution":"{\"name\": \"CategoricalDistribution\", \"attributes\": {\"choices\": [\"hha\", \"hhha\"]}}"}
{"op_code":5,"worker_id":"c8ebd0ee-950a-4f6e-99a7-f85acdaf70d3-140107923806016","trial_id":5,"param_name":"method","param_value_internal":1,"distribution":"{\"name\": \"CategoricalDistribution\", \"attributes\": {\"choices\": [\"Adam\", \"SGD\"]}}"}
{"op_code":5,"worker_id":"c8ebd0ee-950a-4f6e-99a7-f85acdaf70d3-140107923806016","trial_id":5,"param_name":"lr","param_value_internal":0.003908779285285517,"distribution":"{\"name\": \"FloatDistribution\", \"attributes\": {\"step\": null, \"low\": 0.0001, \"high\": 0.1, \"log\": true}}"}
{"op_code":5,"worker_id":"c8ebd0ee-950a-4f6e-99a7-f85acdaf70d3-140107923806016","trial_id":5,"param_name":"batch_size","param_value_internal":2,"distribution":"{\"name\": \"CategoricalDistribution\", \"attributes\": {\"choices\": [16, 32, 64, 128, 256, 512]}}"}
{"op_code":5,"worker_id":"c8ebd0ee-950a-4f6e-99a7-f85acdaf70d3-140107923806016","trial_id":5,"param_name":"loss_fn","param_value_internal":0,"distribution":"{\"name\": \"CategoricalDistribution\", \"attributes\": {\"choices\": [\"CrossEntropyLoss\"]}}"}
{"op_code":6,"worker_id":"c8ebd0ee-950a-4f6e-99a7-f85acdaf70d3-140107923806016","trial_id":5,"state":3,"values":null,"datetime_complete":"2025-03-20T14:53:16.339147"}
{"op_code":0,"worker_id":"e3cb1f9f-31dd-4c99-a768-6825ce65ad72-140267952260928","study_name":"no-name-252628c3-e2a6-44ea-9a3f-a524c00eb506","directions":[2]}
{"op_code":4,"worker_id":"e3cb1f9f-31dd-4c99-a768-6825ce65ad72-140267952260928","study_id":6,"datetime_start":"2025-03-20T15:30:42.890192"}
{"op_code":5,"worker_id":"e3cb1f9f-31dd-4c99-a768-6825ce65ad72-140267952260928","trial_id":6,"param_name":"d_model","param_value_internal":1,"distribution":"{\"name\": \"CategoricalDistribution\", \"attributes\": {\"choices\": [128, 256, 512, 1024]}}"}
{"op_code":5,"worker_id":"e3cb1f9f-31dd-4c99-a768-6825ce65ad72-140267952260928","trial_id":6,"param_name":"l_max","param_value_internal":0,"distribution":"{\"name\": \"CategoricalDistribution\", \"attributes\": {\"choices\": [4096]}}"}
{"op_code":5,"worker_id":"e3cb1f9f-31dd-4c99-a768-6825ce65ad72-140267952260928","trial_id":6,"param_name":"vocab_size","param_value_internal":0,"distribution":"{\"name\": \"CategoricalDistribution\", \"attributes\": {\"choices\": [256]}}"}
{"op_code":5,"worker_id":"e3cb1f9f-31dd-4c99-a768-6825ce65ad72-140267952260928","trial_id":6,"param_name":"blocks","param_value_internal":0,"distribution":"{\"name\": \"CategoricalDistribution\", \"attributes\": {\"choices\": [\"hha\", \"hhha\"]}}"}
{"op_code":5,"worker_id":"e3cb1f9f-31dd-4c99-a768-6825ce65ad72-140267952260928","trial_id":6,"param_name":"method","param_value_internal":0,"distribution":"{\"name\": \"CategoricalDistribution\", \"attributes\": {\"choices\": [\"Adam\", \"SGD\"]}}"}
{"op_code":5,"worker_id":"e3cb1f9f-31dd-4c99-a768-6825ce65ad72-140267952260928","trial_id":6,"param_name":"lr","param_value_internal":0.0031043965791314066,"distribution":"{\"name\": \"FloatDistribution\", \"attributes\": {\"step\": null, \"low\": 0.0001, \"high\": 0.1, \"log\": true}}"}
{"op_code":5,"worker_id":"e3cb1f9f-31dd-4c99-a768-6825ce65ad72-140267952260928","trial_id":6,"param_name":"batch_size","param_value_internal":4,"distribution":"{\"name\": \"CategoricalDistribution\", \"attributes\": {\"choices\": [16, 32, 64, 128, 256, 512]}}"}
{"op_code":5,"worker_id":"e3cb1f9f-31dd-4c99-a768-6825ce65ad72-140267952260928","trial_id":6,"param_name":"loss_fn","param_value_internal":0,"distribution":"{\"name\": \"CategoricalDistribution\", \"attributes\": {\"choices\": [\"CrossEntropyLoss\"]}}"}
{"op_code":6,"worker_id":"e3cb1f9f-31dd-4c99-a768-6825ce65ad72-140267952260928","trial_id":6,"state":3,"values":null,"datetime_complete":"2025-03-20T15:30:43.791960"}
{"op_code":0,"worker_id":"5b88c749-2412-44b6-b01e-16566897c2b2-140428366071616","study_name":"no-name-06451438-1fd9-4e66-81f8-018f4a170624","directions":[2]}
{"op_code":4,"worker_id":"5b88c749-2412-44b6-b01e-16566897c2b2-140428366071616","study_id":7,"datetime_start":"2025-04-01T14:09:18.297628"}
{"op_code":5,"worker_id":"5b88c749-2412-44b6-b01e-16566897c2b2-140428366071616","trial_id":7,"param_name":"d_model","param_value_internal":3,"distribution":"{\"name\": \"CategoricalDistribution\", \"attributes\": {\"choices\": [128, 256, 512, 1024]}}"}
{"op_code":5,"worker_id":"5b88c749-2412-44b6-b01e-16566897c2b2-140428366071616","trial_id":7,"param_name":"l_max","param_value_internal":0,"distribution":"{\"name\": \"CategoricalDistribution\", \"attributes\": {\"choices\": [4096]}}"}
{"op_code":5,"worker_id":"5b88c749-2412-44b6-b01e-16566897c2b2-140428366071616","trial_id":7,"param_name":"vocab_size","param_value_internal":0,"distribution":"{\"name\": \"CategoricalDistribution\", \"attributes\": {\"choices\": [256]}}"}
{"op_code":5,"worker_id":"5b88c749-2412-44b6-b01e-16566897c2b2-140428366071616","trial_id":7,"param_name":"blocks","param_value_internal":1,"distribution":"{\"name\": \"CategoricalDistribution\", \"attributes\": {\"choices\": [\"hha\", \"hhha\"]}}"}
{"op_code":5,"worker_id":"5b88c749-2412-44b6-b01e-16566897c2b2-140428366071616","trial_id":7,"param_name":"method","param_value_internal":0,"distribution":"{\"name\": \"CategoricalDistribution\", \"attributes\": {\"choices\": [\"Adam\", \"SGD\"]}}"}
{"op_code":5,"worker_id":"5b88c749-2412-44b6-b01e-16566897c2b2-140428366071616","trial_id":7,"param_name":"lr","param_value_internal":0.006316575173500201,"distribution":"{\"name\": \"FloatDistribution\", \"attributes\": {\"step\": null, \"low\": 0.0001, \"high\": 0.1, \"log\": true}}"}
{"op_code":5,"worker_id":"5b88c749-2412-44b6-b01e-16566897c2b2-140428366071616","trial_id":7,"param_name":"batch_size","param_value_internal":4,"distribution":"{\"name\": \"CategoricalDistribution\", \"attributes\": {\"choices\": [16, 32, 64, 128, 256, 512]}}"}
{"op_code":5,"worker_id":"5b88c749-2412-44b6-b01e-16566897c2b2-140428366071616","trial_id":7,"param_name":"loss_fn","param_value_internal":0,"distribution":"{\"name\": \"CategoricalDistribution\", \"attributes\": {\"choices\": [\"CrossEntropyLoss\"]}}"}
{"op_code":6,"worker_id":"5b88c749-2412-44b6-b01e-16566897c2b2-140428366071616","trial_id":7,"state":3,"values":null,"datetime_complete":"2025-04-01T14:09:31.901103"}
{"op_code":0,"worker_id":"b4c4d5c0-fd80-42b9-ae85-0be11b6c72c6-139749652096832","study_name":"no-name-c7fa7369-be89-4c1d-a2d5-80f88885dc68","directions":[2]}
{"op_code":4,"worker_id":"b4c4d5c0-fd80-42b9-ae85-0be11b6c72c6-139749652096832","study_id":8,"datetime_start":"2025-04-01T14:10:26.484493"}
{"op_code":5,"worker_id":"b4c4d5c0-fd80-42b9-ae85-0be11b6c72c6-139749652096832","trial_id":8,"param_name":"d_model","param_value_internal":3,"distribution":"{\"name\": \"CategoricalDistribution\", \"attributes\": {\"choices\": [128, 256, 512, 1024]}}"}
{"op_code":5,"worker_id":"b4c4d5c0-fd80-42b9-ae85-0be11b6c72c6-139749652096832","trial_id":8,"param_name":"l_max","param_value_internal":0,"distribution":"{\"name\": \"CategoricalDistribution\", \"attributes\": {\"choices\": [4096]}}"}
{"op_code":5,"worker_id":"b4c4d5c0-fd80-42b9-ae85-0be11b6c72c6-139749652096832","trial_id":8,"param_name":"vocab_size","param_value_internal":0,"distribution":"{\"name\": \"CategoricalDistribution\", \"attributes\": {\"choices\": [256]}}"}
{"op_code":5,"worker_id":"b4c4d5c0-fd80-42b9-ae85-0be11b6c72c6-139749652096832","trial_id":8,"param_name":"blocks","param_value_internal":0,"distribution":"{\"name\": \"CategoricalDistribution\", \"attributes\": {\"choices\": [\"hha\", \"hhha\"]}}"}
{"op_code":5,"worker_id":"b4c4d5c0-fd80-42b9-ae85-0be11b6c72c6-139749652096832","trial_id":8,"param_name":"method","param_value_internal":1,"distribution":"{\"name\": \"CategoricalDistribution\", \"attributes\": {\"choices\": [\"Adam\", \"SGD\"]}}"}
{"op_code":5,"worker_id":"b4c4d5c0-fd80-42b9-ae85-0be11b6c72c6-139749652096832","trial_id":8,"param_name":"lr","param_value_internal":0.07307213165039497,"distribution":"{\"name\": \"FloatDistribution\", \"attributes\": {\"step\": null, \"low\": 0.0001, \"high\": 0.1, \"log\": true}}"}
{"op_code":5,"worker_id":"b4c4d5c0-fd80-42b9-ae85-0be11b6c72c6-139749652096832","trial_id":8,"param_name":"batch_size","param_value_internal":5,"distribution":"{\"name\": \"CategoricalDistribution\", \"attributes\": {\"choices\": [16, 32, 64, 128, 256, 512]}}"}
{"op_code":5,"worker_id":"b4c4d5c0-fd80-42b9-ae85-0be11b6c72c6-139749652096832","trial_id":8,"param_name":"loss_fn","param_value_internal":0,"distribution":"{\"name\": \"CategoricalDistribution\", \"attributes\": {\"choices\": [\"CrossEntropyLoss\"]}}"}
{"op_code":6,"worker_id":"b4c4d5c0-fd80-42b9-ae85-0be11b6c72c6-139749652096832","trial_id":8,"state":3,"values":null,"datetime_complete":"2025-04-01T14:10:27.833622"}
{"op_code":0,"worker_id":"99601814-9474-4734-b7e3-c3af93def765-140235390469952","study_name":"no-name-c039e305-860c-46f0-9ba9-0d40fe568ca0","directions":[2]}
{"op_code":4,"worker_id":"99601814-9474-4734-b7e3-c3af93def765-140235390469952","study_id":9,"datetime_start":"2025-04-01T14:11:24.043419"}
{"op_code":5,"worker_id":"99601814-9474-4734-b7e3-c3af93def765-140235390469952","trial_id":9,"param_name":"d_model","param_value_internal":3,"distribution":"{\"name\": \"CategoricalDistribution\", \"attributes\": {\"choices\": [128, 256, 512, 1024]}}"}
{"op_code":5,"worker_id":"99601814-9474-4734-b7e3-c3af93def765-140235390469952","trial_id":9,"param_name":"l_max","param_value_internal":0,"distribution":"{\"name\": \"CategoricalDistribution\", \"attributes\": {\"choices\": [4096]}}"}
{"op_code":5,"worker_id":"99601814-9474-4734-b7e3-c3af93def765-140235390469952","trial_id":9,"param_name":"vocab_size","param_value_internal":0,"distribution":"{\"name\": \"CategoricalDistribution\", \"attributes\": {\"choices\": [256]}}"}
{"op_code":5,"worker_id":"99601814-9474-4734-b7e3-c3af93def765-140235390469952","trial_id":9,"param_name":"blocks","param_value_internal":1,"distribution":"{\"name\": \"CategoricalDistribution\", \"attributes\": {\"choices\": [\"hha\", \"hhha\"]}}"}
{"op_code":5,"worker_id":"99601814-9474-4734-b7e3-c3af93def765-140235390469952","trial_id":9,"param_name":"method","param_value_internal":1,"distribution":"{\"name\": \"CategoricalDistribution\", \"attributes\": {\"choices\": [\"Adam\", \"SGD\"]}}"}
{"op_code":5,"worker_id":"99601814-9474-4734-b7e3-c3af93def765-140235390469952","trial_id":9,"param_name":"lr","param_value_internal":0.026947908672837664,"distribution":"{\"name\": \"FloatDistribution\", \"attributes\": {\"step\": null, \"low\": 0.0001, \"high\": 0.1, \"log\": true}}"}
{"op_code":5,"worker_id":"99601814-9474-4734-b7e3-c3af93def765-140235390469952","trial_id":9,"param_name":"batch_size","param_value_internal":5,"distribution":"{\"name\": \"CategoricalDistribution\", \"attributes\": {\"choices\": [16, 32, 64, 128, 256, 512]}}"}
{"op_code":5,"worker_id":"99601814-9474-4734-b7e3-c3af93def765-140235390469952","trial_id":9,"param_name":"loss_fn","param_value_internal":0,"distribution":"{\"name\": \"CategoricalDistribution\", \"attributes\": {\"choices\": [\"CrossEntropyLoss\"]}}"}
{"op_code":6,"worker_id":"99601814-9474-4734-b7e3-c3af93def765-140235390469952","trial_id":9,"state":3,"values":null,"datetime_complete":"2025-04-01T14:11:25.310999"}
{"op_code":0,"worker_id":"4e3448cf-0f3f-41db-9b81-3eb4b0c6cf70-139712126465856","study_name":"no-name-e1e333bc-3875-4a12-8607-e71b4c3b6e84","directions":[2]}
{"op_code":4,"worker_id":"4e3448cf-0f3f-41db-9b81-3eb4b0c6cf70-139712126465856","study_id":10,"datetime_start":"2025-04-01T14:13:33.916471"}
{"op_code":5,"worker_id":"4e3448cf-0f3f-41db-9b81-3eb4b0c6cf70-139712126465856","trial_id":10,"param_name":"d_model","param_value_internal":3,"distribution":"{\"name\": \"CategoricalDistribution\", \"attributes\": {\"choices\": [128, 256, 512, 1024]}}"}
{"op_code":5,"worker_id":"4e3448cf-0f3f-41db-9b81-3eb4b0c6cf70-139712126465856","trial_id":10,"param_name":"l_max","param_value_internal":0,"distribution":"{\"name\": \"CategoricalDistribution\", \"attributes\": {\"choices\": [4096]}}"}
{"op_code":5,"worker_id":"4e3448cf-0f3f-41db-9b81-3eb4b0c6cf70-139712126465856","trial_id":10,"param_name":"vocab_size","param_value_internal":0,"distribution":"{\"name\": \"CategoricalDistribution\", \"attributes\": {\"choices\": [256]}}"}
{"op_code":5,"worker_id":"4e3448cf-0f3f-41db-9b81-3eb4b0c6cf70-139712126465856","trial_id":10,"param_name":"blocks","param_value_internal":0,"distribution":"{\"name\": \"CategoricalDistribution\", \"attributes\": {\"choices\": [\"hha\", \"hhha\"]}}"}
{"op_code":5,"worker_id":"4e3448cf-0f3f-41db-9b81-3eb4b0c6cf70-139712126465856","trial_id":10,"param_name":"method","param_value_internal":1,"distribution":"{\"name\": \"CategoricalDistribution\", \"attributes\": {\"choices\": [\"Adam\", \"SGD\"]}}"}
{"op_code":5,"worker_id":"4e3448cf-0f3f-41db-9b81-3eb4b0c6cf70-139712126465856","trial_id":10,"param_name":"lr","param_value_internal":0.0065819617050022925,"distribution":"{\"name\": \"FloatDistribution\", \"attributes\": {\"step\": null, \"low\": 0.0001, \"high\": 0.1, \"log\": true}}"}
{"op_code":5,"worker_id":"4e3448cf-0f3f-41db-9b81-3eb4b0c6cf70-139712126465856","trial_id":10,"param_name":"batch_size","param_value_internal":0,"distribution":"{\"name\": \"CategoricalDistribution\", \"attributes\": {\"choices\": [16, 32, 64, 128, 256, 512]}}"}
{"op_code":5,"worker_id":"4e3448cf-0f3f-41db-9b81-3eb4b0c6cf70-139712126465856","trial_id":10,"param_name":"loss_fn","param_value_internal":0,"distribution":"{\"name\": \"CategoricalDistribution\", \"attributes\": {\"choices\": [\"CrossEntropyLoss\"]}}"}
{"op_code":6,"worker_id":"4e3448cf-0f3f-41db-9b81-3eb4b0c6cf70-139712126465856","trial_id":10,"state":3,"values":null,"datetime_complete":"2025-04-01T14:13:35.373861"}
{"op_code":0,"worker_id":"bf1eac1c-2ec5-4c81-ba89-871c2f9262a5-140532889032512","study_name":"no-name-c4a0bfa2-f1c1-4f52-b846-898962d1cec9","directions":[2]}
{"op_code":4,"worker_id":"bf1eac1c-2ec5-4c81-ba89-871c2f9262a5-140532889032512","study_id":11,"datetime_start":"2025-04-01T14:28:28.047848"}
{"op_code":5,"worker_id":"bf1eac1c-2ec5-4c81-ba89-871c2f9262a5-140532889032512","trial_id":11,"param_name":"d_model","param_value_internal":1,"distribution":"{\"name\": \"CategoricalDistribution\", \"attributes\": {\"choices\": [128, 256, 512, 1024]}}"}
{"op_code":5,"worker_id":"bf1eac1c-2ec5-4c81-ba89-871c2f9262a5-140532889032512","trial_id":11,"param_name":"l_max","param_value_internal":0,"distribution":"{\"name\": \"CategoricalDistribution\", \"attributes\": {\"choices\": [4096]}}"}
{"op_code":5,"worker_id":"bf1eac1c-2ec5-4c81-ba89-871c2f9262a5-140532889032512","trial_id":11,"param_name":"vocab_size","param_value_internal":0,"distribution":"{\"name\": \"CategoricalDistribution\", \"attributes\": {\"choices\": [256]}}"}
{"op_code":5,"worker_id":"bf1eac1c-2ec5-4c81-ba89-871c2f9262a5-140532889032512","trial_id":11,"param_name":"blocks","param_value_internal":1,"distribution":"{\"name\": \"CategoricalDistribution\", \"attributes\": {\"choices\": [\"hha\", \"hhha\"]}}"}
{"op_code":5,"worker_id":"bf1eac1c-2ec5-4c81-ba89-871c2f9262a5-140532889032512","trial_id":11,"param_name":"method","param_value_internal":0,"distribution":"{\"name\": \"CategoricalDistribution\", \"attributes\": {\"choices\": [\"Adam\", \"SGD\"]}}"}
{"op_code":5,"worker_id":"bf1eac1c-2ec5-4c81-ba89-871c2f9262a5-140532889032512","trial_id":11,"param_name":"lr","param_value_internal":0.004091099923175761,"distribution":"{\"name\": \"FloatDistribution\", \"attributes\": {\"step\": null, \"low\": 0.0001, \"high\": 0.1, \"log\": true}}"}
{"op_code":5,"worker_id":"bf1eac1c-2ec5-4c81-ba89-871c2f9262a5-140532889032512","trial_id":11,"param_name":"batch_size","param_value_internal":2,"distribution":"{\"name\": \"CategoricalDistribution\", \"attributes\": {\"choices\": [16, 32, 64, 128, 256, 512]}}"}
{"op_code":5,"worker_id":"bf1eac1c-2ec5-4c81-ba89-871c2f9262a5-140532889032512","trial_id":11,"param_name":"loss_fn","param_value_internal":0,"distribution":"{\"name\": \"CategoricalDistribution\", \"attributes\": {\"choices\": [\"CrossEntropyLoss\"]}}"}
{"op_code":6,"worker_id":"bf1eac1c-2ec5-4c81-ba89-871c2f9262a5-140532889032512","trial_id":11,"state":3,"values":null,"datetime_complete":"2025-04-01T14:28:28.947785"}
{"op_code":0,"worker_id":"7404b0f7-553d-448f-aab3-0e3836929567-140475782907712","study_name":"no-name-bd260ed0-5a92-46b9-9592-61adab4b08de","directions":[2]}
{"op_code":4,"worker_id":"7404b0f7-553d-448f-aab3-0e3836929567-140475782907712","study_id":12,"datetime_start":"2025-04-01T14:30:46.590871"}
{"op_code":5,"worker_id":"7404b0f7-553d-448f-aab3-0e3836929567-140475782907712","trial_id":12,"param_name":"d_model","param_value_internal":2,"distribution":"{\"name\": \"CategoricalDistribution\", \"attributes\": {\"choices\": [128, 256, 512, 1024]}}"}
{"op_code":5,"worker_id":"7404b0f7-553d-448f-aab3-0e3836929567-140475782907712","trial_id":12,"param_name":"l_max","param_value_internal":0,"distribution":"{\"name\": \"CategoricalDistribution\", \"attributes\": {\"choices\": [4096]}}"}
{"op_code":5,"worker_id":"7404b0f7-553d-448f-aab3-0e3836929567-140475782907712","trial_id":12,"param_name":"vocab_size","param_value_internal":0,"distribution":"{\"name\": \"CategoricalDistribution\", \"attributes\": {\"choices\": [256]}}"}
{"op_code":5,"worker_id":"7404b0f7-553d-448f-aab3-0e3836929567-140475782907712","trial_id":12,"param_name":"blocks","param_value_internal":0,"distribution":"{\"name\": \"CategoricalDistribution\", \"attributes\": {\"choices\": [\"hha\", \"hhha\"]}}"}
{"op_code":5,"worker_id":"7404b0f7-553d-448f-aab3-0e3836929567-140475782907712","trial_id":12,"param_name":"method","param_value_internal":0,"distribution":"{\"name\": \"CategoricalDistribution\", \"attributes\": {\"choices\": [\"Adam\", \"SGD\"]}}"}
{"op_code":5,"worker_id":"7404b0f7-553d-448f-aab3-0e3836929567-140475782907712","trial_id":12,"param_name":"lr","param_value_internal":0.0009622130435938811,"distribution":"{\"name\": \"FloatDistribution\", \"attributes\": {\"step\": null, \"low\": 0.0001, \"high\": 0.1, \"log\": true}}"}
{"op_code":5,"worker_id":"7404b0f7-553d-448f-aab3-0e3836929567-140475782907712","trial_id":12,"param_name":"batch_size","param_value_internal":2,"distribution":"{\"name\": \"CategoricalDistribution\", \"attributes\": {\"choices\": [16, 32, 64, 128, 256, 512]}}"}
{"op_code":5,"worker_id":"7404b0f7-553d-448f-aab3-0e3836929567-140475782907712","trial_id":12,"param_name":"loss_fn","param_value_internal":0,"distribution":"{\"name\": \"CategoricalDistribution\", \"attributes\": {\"choices\": [\"CrossEntropyLoss\"]}}"}
{"op_code":6,"worker_id":"7404b0f7-553d-448f-aab3-0e3836929567-140475782907712","trial_id":12,"state":3,"values":null,"datetime_complete":"2025-04-01T14:30:47.545169"}
{"op_code":0,"worker_id":"2fd63317-9216-44d4-a1fa-b5c723a25db3-140096716068672","study_name":"no-name-77733064-d46d-4882-b003-99a258d93035","directions":[2]}
{"op_code":4,"worker_id":"2fd63317-9216-44d4-a1fa-b5c723a25db3-140096716068672","study_id":13,"datetime_start":"2025-04-01T14:30:56.362120"}
{"op_code":5,"worker_id":"2fd63317-9216-44d4-a1fa-b5c723a25db3-140096716068672","trial_id":13,"param_name":"d_model","param_value_internal":1,"distribution":"{\"name\": \"CategoricalDistribution\", \"attributes\": {\"choices\": [128, 256, 512, 1024]}}"}
{"op_code":5,"worker_id":"2fd63317-9216-44d4-a1fa-b5c723a25db3-140096716068672","trial_id":13,"param_name":"l_max","param_value_internal":0,"distribution":"{\"name\": \"CategoricalDistribution\", \"attributes\": {\"choices\": [4096]}}"}
{"op_code":5,"worker_id":"2fd63317-9216-44d4-a1fa-b5c723a25db3-140096716068672","trial_id":13,"param_name":"vocab_size","param_value_internal":0,"distribution":"{\"name\": \"CategoricalDistribution\", \"attributes\": {\"choices\": [256]}}"}
{"op_code":5,"worker_id":"2fd63317-9216-44d4-a1fa-b5c723a25db3-140096716068672","trial_id":13,"param_name":"blocks","param_value_internal":1,"distribution":"{\"name\": \"CategoricalDistribution\", \"attributes\": {\"choices\": [\"hha\", \"hhha\"]}}"}
{"op_code":5,"worker_id":"2fd63317-9216-44d4-a1fa-b5c723a25db3-140096716068672","trial_id":13,"param_name":"method","param_value_internal":1,"distribution":"{\"name\": \"CategoricalDistribution\", \"attributes\": {\"choices\": [\"Adam\", \"SGD\"]}}"}
{"op_code":5,"worker_id":"2fd63317-9216-44d4-a1fa-b5c723a25db3-140096716068672","trial_id":13,"param_name":"lr","param_value_internal":0.009311426998030899,"distribution":"{\"name\": \"FloatDistribution\", \"attributes\": {\"step\": null, \"low\": 0.0001, \"high\": 0.1, \"log\": true}}"}
{"op_code":5,"worker_id":"2fd63317-9216-44d4-a1fa-b5c723a25db3-140096716068672","trial_id":13,"param_name":"batch_size","param_value_internal":2,"distribution":"{\"name\": \"CategoricalDistribution\", \"attributes\": {\"choices\": [16, 32, 64, 128, 256, 512]}}"}
{"op_code":5,"worker_id":"2fd63317-9216-44d4-a1fa-b5c723a25db3-140096716068672","trial_id":13,"param_name":"loss_fn","param_value_internal":0,"distribution":"{\"name\": \"CategoricalDistribution\", \"attributes\": {\"choices\": [\"CrossEntropyLoss\"]}}"}
{"op_code":6,"worker_id":"2fd63317-9216-44d4-a1fa-b5c723a25db3-140096716068672","trial_id":13,"state":3,"values":null,"datetime_complete":"2025-04-01T14:30:57.081644"}
{"op_code":0,"worker_id":"4c496ef8-2751-4483-b6f5-de2df9c51007-140617384310592","study_name":"no-name-6423e881-2948-45ef-a862-1c9c38432fab","directions":[2]}
{"op_code":4,"worker_id":"4c496ef8-2751-4483-b6f5-de2df9c51007-140617384310592","study_id":14,"datetime_start":"2025-04-01T14:38:12.217939"}
{"op_code":5,"worker_id":"4c496ef8-2751-4483-b6f5-de2df9c51007-140617384310592","trial_id":14,"param_name":"d_model","param_value_internal":0,"distribution":"{\"name\": \"CategoricalDistribution\", \"attributes\": {\"choices\": [128, 256, 512, 1024]}}"}
{"op_code":5,"worker_id":"4c496ef8-2751-4483-b6f5-de2df9c51007-140617384310592","trial_id":14,"param_name":"l_max","param_value_internal":0,"distribution":"{\"name\": \"CategoricalDistribution\", \"attributes\": {\"choices\": [4096]}}"}
{"op_code":5,"worker_id":"4c496ef8-2751-4483-b6f5-de2df9c51007-140617384310592","trial_id":14,"param_name":"vocab_size","param_value_internal":0,"distribution":"{\"name\": \"CategoricalDistribution\", \"attributes\": {\"choices\": [256]}}"}
{"op_code":5,"worker_id":"4c496ef8-2751-4483-b6f5-de2df9c51007-140617384310592","trial_id":14,"param_name":"blocks","param_value_internal":1,"distribution":"{\"name\": \"CategoricalDistribution\", \"attributes\": {\"choices\": [\"hha\", \"hhha\"]}}"}
{"op_code":5,"worker_id":"4c496ef8-2751-4483-b6f5-de2df9c51007-140617384310592","trial_id":14,"param_name":"method","param_value_internal":1,"distribution":"{\"name\": \"CategoricalDistribution\", \"attributes\": {\"choices\": [\"Adam\", \"SGD\"]}}"}
{"op_code":5,"worker_id":"4c496ef8-2751-4483-b6f5-de2df9c51007-140617384310592","trial_id":14,"param_name":"lr","param_value_internal":0.024818831312469238,"distribution":"{\"name\": \"FloatDistribution\", \"attributes\": {\"step\": null, \"low\": 0.0001, \"high\": 0.1, \"log\": true}}"}
{"op_code":5,"worker_id":"4c496ef8-2751-4483-b6f5-de2df9c51007-140617384310592","trial_id":14,"param_name":"batch_size","param_value_internal":4,"distribution":"{\"name\": \"CategoricalDistribution\", \"attributes\": {\"choices\": [16, 32, 64, 128, 256, 512]}}"}
{"op_code":5,"worker_id":"4c496ef8-2751-4483-b6f5-de2df9c51007-140617384310592","trial_id":14,"param_name":"loss_fn","param_value_internal":0,"distribution":"{\"name\": \"CategoricalDistribution\", \"attributes\": {\"choices\": [\"CrossEntropyLoss\"]}}"}
{"op_code":6,"worker_id":"4c496ef8-2751-4483-b6f5-de2df9c51007-140617384310592","trial_id":14,"state":3,"values":null,"datetime_complete":"2025-04-01T14:38:21.475606"}
{"op_code":0,"worker_id":"445551fe-cb63-491e-a2ac-ff26e7a1a4e0-140174147204928","study_name":"no-name-ee0f13b4-b7d6-47a5-855c-c0642f6d9490","directions":[2]}
{"op_code":4,"worker_id":"445551fe-cb63-491e-a2ac-ff26e7a1a4e0-140174147204928","study_id":15,"datetime_start":"2025-04-01T15:06:24.240604"}
{"op_code":5,"worker_id":"445551fe-cb63-491e-a2ac-ff26e7a1a4e0-140174147204928","trial_id":15,"param_name":"d_model","param_value_internal":3,"distribution":"{\"name\": \"CategoricalDistribution\", \"attributes\": {\"choices\": [128, 256, 512, 1024]}}"}
{"op_code":5,"worker_id":"445551fe-cb63-491e-a2ac-ff26e7a1a4e0-140174147204928","trial_id":15,"param_name":"l_max","param_value_internal":0,"distribution":"{\"name\": \"CategoricalDistribution\", \"attributes\": {\"choices\": [4096]}}"}
{"op_code":5,"worker_id":"445551fe-cb63-491e-a2ac-ff26e7a1a4e0-140174147204928","trial_id":15,"param_name":"vocab_size","param_value_internal":0,"distribution":"{\"name\": \"CategoricalDistribution\", \"attributes\": {\"choices\": [256]}}"}
{"op_code":5,"worker_id":"445551fe-cb63-491e-a2ac-ff26e7a1a4e0-140174147204928","trial_id":15,"param_name":"blocks","param_value_internal":1,"distribution":"{\"name\": \"CategoricalDistribution\", \"attributes\": {\"choices\": [\"hha\", \"hhha\"]}}"}
{"op_code":5,"worker_id":"445551fe-cb63-491e-a2ac-ff26e7a1a4e0-140174147204928","trial_id":15,"param_name":"method","param_value_internal":1,"distribution":"{\"name\": \"CategoricalDistribution\", \"attributes\": {\"choices\": [\"Adam\", \"SGD\"]}}"}
{"op_code":5,"worker_id":"445551fe-cb63-491e-a2ac-ff26e7a1a4e0-140174147204928","trial_id":15,"param_name":"lr","param_value_internal":0.00031535109366014475,"distribution":"{\"name\": \"FloatDistribution\", \"attributes\": {\"step\": null, \"low\": 0.0001, \"high\": 0.1, \"log\": true}}"}
{"op_code":5,"worker_id":"445551fe-cb63-491e-a2ac-ff26e7a1a4e0-140174147204928","trial_id":15,"param_name":"batch_size","param_value_internal":1,"distribution":"{\"name\": \"CategoricalDistribution\", \"attributes\": {\"choices\": [16, 32, 64, 128, 256, 512]}}"}
{"op_code":5,"worker_id":"445551fe-cb63-491e-a2ac-ff26e7a1a4e0-140174147204928","trial_id":15,"param_name":"loss_fn","param_value_internal":0,"distribution":"{\"name\": \"CategoricalDistribution\", \"attributes\": {\"choices\": [\"CrossEntropyLoss\"]}}"}
{"op_code":6,"worker_id":"445551fe-cb63-491e-a2ac-ff26e7a1a4e0-140174147204928","trial_id":15,"state":3,"values":null,"datetime_complete":"2025-04-01T15:06:33.101752"}
{"op_code":0,"worker_id":"b57fde87-df55-4d0b-8084-490ce73b459e-139669059561280","study_name":"no-name-c566f399-6d70-4806-8636-75ff5aae13b9","directions":[2]}
{"op_code":4,"worker_id":"b57fde87-df55-4d0b-8084-490ce73b459e-139669059561280","study_id":16,"datetime_start":"2025-04-01T15:15:10.064503"}
{"op_code":5,"worker_id":"b57fde87-df55-4d0b-8084-490ce73b459e-139669059561280","trial_id":16,"param_name":"d_model","param_value_internal":2,"distribution":"{\"name\": \"CategoricalDistribution\", \"attributes\": {\"choices\": [128, 256, 512, 1024]}}"}
{"op_code":5,"worker_id":"b57fde87-df55-4d0b-8084-490ce73b459e-139669059561280","trial_id":16,"param_name":"l_max","param_value_internal":0,"distribution":"{\"name\": \"CategoricalDistribution\", \"attributes\": {\"choices\": [8192]}}"}
{"op_code":5,"worker_id":"b57fde87-df55-4d0b-8084-490ce73b459e-139669059561280","trial_id":16,"param_name":"vocab_size","param_value_internal":0,"distribution":"{\"name\": \"CategoricalDistribution\", \"attributes\": {\"choices\": [256]}}"}
{"op_code":5,"worker_id":"b57fde87-df55-4d0b-8084-490ce73b459e-139669059561280","trial_id":16,"param_name":"blocks","param_value_internal":0,"distribution":"{\"name\": \"CategoricalDistribution\", \"attributes\": {\"choices\": [\"hha\", \"hhha\"]}}"}
{"op_code":5,"worker_id":"b57fde87-df55-4d0b-8084-490ce73b459e-139669059561280","trial_id":16,"param_name":"method","param_value_internal":1,"distribution":"{\"name\": \"CategoricalDistribution\", \"attributes\": {\"choices\": [\"Adam\", \"SGD\"]}}"}
{"op_code":5,"worker_id":"b57fde87-df55-4d0b-8084-490ce73b459e-139669059561280","trial_id":16,"param_name":"lr","param_value_internal":0.015228189390509515,"distribution":"{\"name\": \"FloatDistribution\", \"attributes\": {\"step\": null, \"low\": 0.0001, \"high\": 0.1, \"log\": true}}"}
{"op_code":5,"worker_id":"b57fde87-df55-4d0b-8084-490ce73b459e-139669059561280","trial_id":16,"param_name":"batch_size","param_value_internal":1,"distribution":"{\"name\": \"CategoricalDistribution\", \"attributes\": {\"choices\": [16, 32, 64, 128, 256, 512]}}"}
{"op_code":5,"worker_id":"b57fde87-df55-4d0b-8084-490ce73b459e-139669059561280","trial_id":16,"param_name":"loss_fn","param_value_internal":0,"distribution":"{\"name\": \"CategoricalDistribution\", \"attributes\": {\"choices\": [\"CrossEntropyLoss\"]}}"}
{"op_code":6,"worker_id":"b57fde87-df55-4d0b-8084-490ce73b459e-139669059561280","trial_id":16,"state":3,"values":null,"datetime_complete":"2025-04-01T15:15:10.872468"}
{"op_code":0,"worker_id":"cb1385b3-f8a5-498d-961e-4ec446d719a2-140145634613056","study_name":"no-name-ef59ddae-ea30-4216-bf6b-40033cdd212f","directions":[2]}
{"op_code":4,"worker_id":"cb1385b3-f8a5-498d-961e-4ec446d719a2-140145634613056","study_id":17,"datetime_start":"2025-04-01T15:27:01.541284"}
{"op_code":5,"worker_id":"cb1385b3-f8a5-498d-961e-4ec446d719a2-140145634613056","trial_id":17,"param_name":"d_model","param_value_internal":1,"distribution":"{\"name\": \"CategoricalDistribution\", \"attributes\": {\"choices\": [128, 256, 512, 1024]}}"}
{"op_code":5,"worker_id":"cb1385b3-f8a5-498d-961e-4ec446d719a2-140145634613056","trial_id":17,"param_name":"l_max","param_value_internal":0,"distribution":"{\"name\": \"CategoricalDistribution\", \"attributes\": {\"choices\": [8192]}}"}
{"op_code":5,"worker_id":"cb1385b3-f8a5-498d-961e-4ec446d719a2-140145634613056","trial_id":17,"param_name":"vocab_size","param_value_internal":0,"distribution":"{\"name\": \"CategoricalDistribution\", \"attributes\": {\"choices\": [256]}}"}
{"op_code":5,"worker_id":"cb1385b3-f8a5-498d-961e-4ec446d719a2-140145634613056","trial_id":17,"param_name":"blocks","param_value_internal":0,"distribution":"{\"name\": \"CategoricalDistribution\", \"attributes\": {\"choices\": [\"hha\", \"hhha\"]}}"}
{"op_code":5,"worker_id":"cb1385b3-f8a5-498d-961e-4ec446d719a2-140145634613056","trial_id":17,"param_name":"method","param_value_internal":0,"distribution":"{\"name\": \"CategoricalDistribution\", \"attributes\": {\"choices\": [\"Adam\", \"SGD\"]}}"}
{"op_code":5,"worker_id":"cb1385b3-f8a5-498d-961e-4ec446d719a2-140145634613056","trial_id":17,"param_name":"lr","param_value_internal":0.017247986520844312,"distribution":"{\"name\": \"FloatDistribution\", \"attributes\": {\"step\": null, \"low\": 0.0001, \"high\": 0.1, \"log\": true}}"}
{"op_code":5,"worker_id":"cb1385b3-f8a5-498d-961e-4ec446d719a2-140145634613056","trial_id":17,"param_name":"batch_size","param_value_internal":3,"distribution":"{\"name\": \"CategoricalDistribution\", \"attributes\": {\"choices\": [16, 32, 64, 128, 256, 512]}}"}
{"op_code":5,"worker_id":"cb1385b3-f8a5-498d-961e-4ec446d719a2-140145634613056","trial_id":17,"param_name":"loss_fn","param_value_internal":0,"distribution":"{\"name\": \"CategoricalDistribution\", \"attributes\": {\"choices\": [\"CrossEntropyLoss\"]}}"}
{"op_code":6,"worker_id":"cb1385b3-f8a5-498d-961e-4ec446d719a2-140145634613056","trial_id":17,"state":3,"values":null,"datetime_complete":"2025-04-01T15:27:02.386351"}
