                            05/06/2025 at 14h52m20s                             


 ------------------------------------------------------------------------------
|   Another GFF Analysis Toolkit (AGAT) - Version: v1.4.1                      |
|   https://github.com/NBISweden/AGAT                                          |
|   National Bioinformatics Infrastructure Sweden (NBIS) - www.nbis.se         |
 ------------------------------------------------------------------------------
                                        
                                       
                          ------ Start parsing ------                           
-------------------------- parse options and metadata --------------------------
=> Accessing the feature_levels YAML file
Using standard /usr/local/lib/perl5/site_perl/auto/share/dist/AGAT/feature_levels.yaml file
=> Attribute used to group features when no Parent/ID relationship exists (i.e common tag):
	* locus_tag
	* gene_id
=> merge_loci option deactivated
=> Machine information:
	This script is being run by perl v5.32.1
	Bioperl location being used: /usr/local/lib/perl5/site_perl/Bio/
	Operating system being used: linux 
=> Accessing Ontology
	No ontology accessible from the gff file header!
	We use the SOFA ontology distributed with AGAT:
		/usr/local/lib/perl5/site_perl/auto/share/dist/AGAT/so.obo
	Read ontology /usr/local/lib/perl5/site_perl/auto/share/dist/AGAT/so.obo:
		4 root terms, and 2596 total terms, and 1516 leaf terms
	Filtering ontology:
The feature type (3rd column) is constrained to be either a term from the Sequence Ontology or an SO accession number. The latter alternative is distinguished using the syntax SO:000000. In either case, it must be sequence_feature (SO:0000110) or an is_a child of it.
We filter the ontology to apply this rule.		We found 1861 terms that are sequence_feature or is_a child of it.
--------------------------------- parsing file ---------------------------------
=> Number of line in file: 155
=> Number of comment lines: 0
=> Fasta included: No
=> Number of features lines: 155
=> Number of feature type (3rd column): 6
	* Level1: 2 => gene pseudogene
	* level2: 2 => transcript mRNA
	* level3: 2 => exon CDS
	* unknown: 0 => 
=> Version of the Bioperl GFF parser selected by AGAT: 3

                  ------ End parsing (done in 0 second) ------                  


                           ------ Start checks ------                           
---------------------------- Check1: feature types -----------------------------
----------------------------------- ontology -----------------------------------
All feature types in agreement with the Ontology.
------------------------------------- agat -------------------------------------
AGAT can deal with all the encountered feature types (3rd column)
------------------------------ done in 0 seconds -------------------------------

------------------------------ Check2: duplicates ------------------------------
None found
------------------------------ done in 0 seconds -------------------------------

-------------------------- Check3: sequential bucket ---------------------------
Nothing to check as sequential bucket!
------------------------------ done in 0 seconds -------------------------------

--------------------------- Check4: l2 linked to l3 ----------------------------
L3 had a L1 feature but no L2 feature. Corrected by creating the intermediate L2 feature:
NW_012101721.1	AGAT	RNA	376443	378420	.	-	.	Dbxref "GeneID:105537384"  ; ID "gene-LOC105537384"  ; Parent "agat-pseudogene-1"  ; gbkey exon ; gene LOC105537384 ; model_evidence "Supporting evidence includes similarity to: 1 EST, 18 Proteins" 
Using this feature template:
NW_012101721.1	Gnomon	exon	376443	377003	.	-	.	Dbxref "GeneID:105537384"  ; ID "id-LOC105537384"  ; Parent "gene-LOC105537384"  ; gbkey exon ; gene LOC105537384 ; model_evidence "Supporting evidence includes similarity to: 1 EST, 18 Proteins" 
L3 had a L1 feature but no L2 feature. Corrected by creating the intermediate L2 feature:
NW_012104165.1	AGAT	RNA	2308621	2309552	.	+	.	Dbxref "GeneID:105547620"  ; ID "gene-LOC105547620"  ; Parent "agat-pseudogene-2"  ; gbkey exon ; gene LOC105547620 ; model_evidence "Supporting evidence includes similarity to: 2 Proteins" 
Using this feature template:
NW_012104165.1	Gnomon	exon	2308621	2309552	.	+	.	Dbxref "GeneID:105547620"  ; ID "id-LOC105547620"  ; Parent "gene-LOC105547620"  ; gbkey exon ; gene LOC105547620 ; model_evidence "Supporting evidence includes similarity to: 2 Proteins" 
L3 had a L1 feature but no L2 feature. Corrected by creating the intermediate L2 feature:
NW_012104921.1	AGAT	RNA	952958	953504	.	+	.	Dbxref "GeneID:105549988"  ; ID "gene-LOC105549988"  ; Parent "agat-pseudogene-3"  ; gbkey exon ; gene LOC105549988 ; model_evidence "Supporting evidence includes similarity to: 7 Proteins" 
Using this feature template:
NW_012104921.1	Gnomon	exon	952958	953504	.	+	.	Dbxref "GeneID:105549988"  ; ID "id-LOC105549988"  ; Parent "gene-LOC105549988"  ; gbkey exon ; gene LOC105549988 ; model_evidence "Supporting evidence includes similarity to: 7 Proteins" 
3 cases fixed where L3 features have parent feature(s) missing
------------------------------ done in 0 seconds -------------------------------

--------------------------- Check5: l1 linked to l2 ----------------------------
No problem found
------------------------------ done in 0 seconds -------------------------------

--------------------------- Check6: remove orphan l1 ---------------------------
We remove only those not supposed to be orphan
None found
------------------------------ done in 0 seconds -------------------------------

------------------------- Check7: all level3 locations -------------------------
------------------------------ done in 0 seconds -------------------------------

------------------------------ Check8: check cds -------------------------------
No problem found
------------------------------ done in 0 seconds -------------------------------

----------------------------- Check9: check exons ------------------------------
No exons created
No exons locations modified
No supernumerary exons removed
No level2 locations modified
------------------------------ done in 0 seconds -------------------------------

----------------------------- Check10: check utrs ------------------------------
Create one UTR for rna-xm_011965113.1
:NW_012107742.1	AGAT	five_prime_UTR	1145353	1145560	.	+	.	Dbxref "GeneID:105528380"  "Genbank:XM_011965113.1"  ; ID "agat-five_prime_utr-1"  ; Parent "rna-XM_011965113.1"  ; gbkey mRNA ; gene LOC105528380 ; product "protocadherin gamma-A2"  ; transcript_id "XM_011965113.1" 
Create one UTR for rna-xm_011965113.1
:NW_012107742.1	AGAT	three_prime_UTR	1148006	1148476	.	+	.	Dbxref "GeneID:105528380"  "Genbank:XM_011965113.1"  ; ID "agat-three_prime_utr-1"  ; Parent "rna-XM_011965113.1"  ; gbkey mRNA ; gene LOC105528380 ; product "protocadherin gamma-A2"  ; transcript_id "XM_011965113.1" 
Create one UTR for rna-xm_011971028.1
:NW_012100432.1	AGAT	three_prime_UTR	1443122	1446239	.	-	.	Dbxref "GeneID:105532750"  "Genbank:XM_011971028.1"  ; ID "agat-three_prime_utr-2"  ; Parent "rna-XM_011971028.1"  ; gbkey mRNA ; gene FRMD4B ; product "FERM domain containing 4B"  ; transcript_id "XM_011971028.1" 
Create one UTR for rna-xm_011971028.1
:NW_012100432.1	AGAT	five_prime_UTR	1679783	1680091	.	-	.	Dbxref "GeneID:105532750"  "Genbank:XM_011971028.1"  ; ID "agat-five_prime_utr-2"  ; Parent "rna-XM_011971028.1"  ; gbkey mRNA ; gene FRMD4B ; product "FERM domain containing 4B"  ; transcript_id "XM_011971028.1" 
Create one UTR for rna-xm_011973269.1
:NW_012101324.1	AGAT	three_prime_UTR	309042	309212	.	-	.	Dbxref "GeneID:105534548"  "Genbank:XM_011973269.1"  ; ID "agat-three_prime_utr-3"  ; Parent "rna-XM_011973269.1"  ; gbkey mRNA ; gene MYL4 ; product "myosin, light chain 4, alkali; atrial, embryonic, transcript variant X1"  ; transcript_id "XM_011973269.1" 
Create one UTR for rna-xm_011973269.1
:NW_012101324.1	AGAT	three_prime_UTR	309663	309677	.	-	.	Dbxref "GeneID:105534548"  "Genbank:XM_011973269.1"  ; ID "agat-three_prime_utr-4"  ; Parent "rna-XM_011973269.1"  ; gbkey mRNA ; gene MYL4 ; product "myosin, light chain 4, alkali; atrial, embryonic, transcript variant X1"  ; transcript_id "XM_011973269.1" 
Create one UTR for rna-xm_011973269.1
:NW_012101324.1	AGAT	five_prime_UTR	323667	323700	.	-	.	Dbxref "GeneID:105534548"  "Genbank:XM_011973269.1"  ; ID "agat-five_prime_utr-3"  ; Parent "rna-XM_011973269.1"  ; gbkey mRNA ; gene MYL4 ; product "myosin, light chain 4, alkali; atrial, embryonic, transcript variant X1"  ; transcript_id "XM_011973269.1" 
Create one UTR for rna-xm_011973269.1
:NW_012101324.1	AGAT	five_prime_UTR	323934	324027	.	-	.	Dbxref "GeneID:105534548"  "Genbank:XM_011973269.1"  ; ID "agat-five_prime_utr-4"  ; Parent "rna-XM_011973269.1"  ; gbkey mRNA ; gene MYL4 ; product "myosin, light chain 4, alkali; atrial, embryonic, transcript variant X1"  ; transcript_id "XM_011973269.1" 
Create one UTR for rna-xm_011973270.1
:NW_012101324.1	AGAT	three_prime_UTR	309042	309212	.	-	.	Dbxref "GeneID:105534548"  "Genbank:XM_011973270.1"  ; ID "agat-three_prime_utr-5"  ; Parent "rna-XM_011973270.1"  ; gbkey mRNA ; gene MYL4 ; product "myosin, light chain 4, alkali; atrial, embryonic, transcript variant X2"  ; transcript_id "XM_011973270.1" 
Create one UTR for rna-xm_011973270.1
:NW_012101324.1	AGAT	three_prime_UTR	309663	309677	.	-	.	Dbxref "GeneID:105534548"  "Genbank:XM_011973270.1"  ; ID "agat-three_prime_utr-6"  ; Parent "rna-XM_011973270.1"  ; gbkey mRNA ; gene MYL4 ; product "myosin, light chain 4, alkali; atrial, embryonic, transcript variant X2"  ; transcript_id "XM_011973270.1" 
Create one UTR for rna-xm_011973270.1
:NW_012101324.1	AGAT	five_prime_UTR	323667	323700	.	-	.	Dbxref "GeneID:105534548"  "Genbank:XM_011973270.1"  ; ID "agat-five_prime_utr-5"  ; Parent "rna-XM_011973270.1"  ; gbkey mRNA ; gene MYL4 ; product "myosin, light chain 4, alkali; atrial, embryonic, transcript variant X2"  ; transcript_id "XM_011973270.1" 
Create one UTR for rna-xm_011973270.1
:NW_012101324.1	AGAT	five_prime_UTR	323998	324015	.	-	.	Dbxref "GeneID:105534548"  "Genbank:XM_011973270.1"  ; ID "agat-five_prime_utr-6"  ; Parent "rna-XM_011973270.1"  ; gbkey mRNA ; gene MYL4 ; product "myosin, light chain 4, alkali; atrial, embryonic, transcript variant X2"  ; transcript_id "XM_011973270.1" 
Create one UTR for rna-xm_011990695.1
:NW_012104032.1	AGAT	five_prime_UTR	1388133	1388151	.	+	.	Dbxref "GeneID:105547198"  "Genbank:XM_011990695.1"  ; ID "agat-five_prime_utr-7"  ; Parent "rna-XM_011990695.1"  ; gbkey mRNA ; gene NGDN ; product "neuroguidin, EIF4E binding protein, transcript variant X1"  ; transcript_id "XM_011990695.1" 
Create one UTR for rna-xm_011990695.1
:NW_012104032.1	AGAT	three_prime_UTR	1398181	1398347	.	+	.	Dbxref "GeneID:105547198"  "Genbank:XM_011990695.1"  ; ID "agat-three_prime_utr-7"  ; Parent "rna-XM_011990695.1"  ; gbkey mRNA ; gene NGDN ; product "neuroguidin, EIF4E binding protein, transcript variant X1"  ; transcript_id "XM_011990695.1" 
Create one UTR for rna-xm_011990696.1
:NW_012104032.1	AGAT	five_prime_UTR	1390051	1390057	.	+	.	Dbxref "GeneID:105547198"  "Genbank:XM_011990696.1"  ; ID "agat-five_prime_utr-8"  ; Parent "rna-XM_011990696.1"  ; gbkey mRNA ; gene NGDN ; product "neuroguidin, EIF4E binding protein, transcript variant X2"  ; transcript_id "XM_011990696.1" 
Create one UTR for rna-xm_011990696.1
:NW_012104032.1	AGAT	three_prime_UTR	1398181	1398347	.	+	.	Dbxref "GeneID:105547198"  "Genbank:XM_011990696.1"  ; ID "agat-three_prime_utr-8"  ; Parent "rna-XM_011990696.1"  ; gbkey mRNA ; gene NGDN ; product "neuroguidin, EIF4E binding protein, transcript variant X2"  ; transcript_id "XM_011990696.1" 
Create one UTR for rna-xm_011993578.1
:NW_012104587.1	AGAT	three_prime_UTR	1654663	1654953	.	-	.	Dbxref "GeneID:105549155"  "Genbank:XM_011993578.1"  ; ID "agat-three_prime_utr-9"  ; Parent "rna-XM_011993578.1"  ; gbkey mRNA ; gene LOC105549155 ; product "LRRN4 C-terminal-like protein"  ; transcript_id "XM_011993578.1" 
Create one UTR for rna-xm_011997037.1
:NW_012105697.1	AGAT	five_prime_UTR	2473321	2473345	.	+	.	Dbxref "GeneID:105551699"  "Genbank:XM_011997037.1"  ; ID "agat-five_prime_utr-9"  ; Parent "rna-XM_011997037.1"  ; gbkey mRNA ; gene LOC105551699 ; product "zinc finger and SCAN domain-containing protein 5A-like"  ; transcript_id "XM_011997037.1" 
Create one UTR for rna-xm_011997037.1
:NW_012105697.1	AGAT	five_prime_UTR	2476752	2476874	.	+	.	Dbxref "GeneID:105551699"  "Genbank:XM_011997037.1"  ; ID "agat-five_prime_utr-10"  ; Parent "rna-XM_011997037.1"  ; gbkey mRNA ; gene LOC105551699 ; product "zinc finger and SCAN domain-containing protein 5A-like"  ; transcript_id "XM_011997037.1" 
19 UTRs created that were missing
No UTRs locations modified
No supernumerary UTRs removed
------------------------------ done in 0 seconds -------------------------------

------------------------ Check11: all level2 locations -------------------------
No problem found
------------------------------ done in 0 seconds -------------------------------

------------------------ Check12: all level1 locations -------------------------
No problem found
------------------------------ done in 0 seconds -------------------------------

---------------------- Check13: remove identical isoforms ----------------------
None found
------------------------------ done in 0 seconds -------------------------------
                  ------ End checks (done in 0 second) ------                   


